<?xml version="1.0" encoding="UTF-8"?>
<testng-results ignored="0" total="2" passed="2" failed="0" skipped="0">
  <reporter-output>
  </reporter-output>
  <suite started-at="2024-11-19T19:23:51 IST" name="Default suite" finished-at="2024-11-19T19:23:51 IST" duration-ms="45">
    <groups>
    </groups>
    <test started-at="2024-11-19T19:23:51 IST" name="Default test" finished-at="2024-11-19T19:23:51 IST" duration-ms="45">
      <class name="Test.Attributesample">
        <test-method signature="signinTest()[pri:0, instance:Test.Attributesample@6e171cd7]" started-at="2024-11-19T19:23:51 IST" name="signinTest" finished-at="2024-11-19T19:23:51 IST" duration-ms="6" status="PASS">
          <reporter-output>
          </reporter-output>
        </test-method> <!-- signinTest -->
        <test-method signature="loginTest()[pri:1, instance:Test.Attributesample@6e171cd7]" started-at="2024-11-19T19:23:51 IST" name="loginTest" finished-at="2024-11-19T19:23:51 IST" duration-ms="0" status="PASS">
          <reporter-output>
          </reporter-output>
        </test-method> <!-- loginTest -->
      </class> <!-- Test.Attributesample -->
    </test> <!-- Default test -->
  </suite> <!-- Default suite -->
</testng-results>
